0 info it worked if it ends with ok
1 verbose cli [ '/usr/local/n/versions/node/7.0.0/bin/node',
1 verbose cli   '/usr/bin/npm',
1 verbose cli   'run',
1 verbose cli   'watch' ]
2 info using npm@3.10.8
3 info using node@v7.0.0
4 verbose run-script [ 'prewatch', 'watch', 'postwatch' ]
5 info lifecycle static@1.0.0~prewatch: static@1.0.0
6 silly lifecycle static@1.0.0~prewatch: no script for prewatch, continuing
7 info lifecycle static@1.0.0~watch: static@1.0.0
8 verbose lifecycle static@1.0.0~watch: unsafe-perm in lifecycle true
9 verbose lifecycle static@1.0.0~watch: PATH: /usr/lib/node_modules/npm/bin/node-gyp-bin:/root/botconsole/node_modules/.bin:/usr/local/n/versions/node/7.0.0/bin:/root/botconsole/.env/bin:/usr/local/sbin:/usr/local/bin:/usr/sbin:/usr/bin:/root/bin
10 verbose lifecycle static@1.0.0~watch: CWD: /root/botconsole
11 silly lifecycle static@1.0.0~watch: Args: [ '-c', 'npm run build -- --watch' ]
12 silly lifecycle static@1.0.0~watch: Returned: code: 1  signal: null
13 info lifecycle static@1.0.0~watch: Failed to exec watch script
14 verbose stack Error: static@1.0.0 watch: `npm run build -- --watch`
14 verbose stack Exit status 1
14 verbose stack     at EventEmitter.<anonymous> (/usr/lib/node_modules/npm/lib/utils/lifecycle.js:255:16)
14 verbose stack     at emitTwo (events.js:106:13)
14 verbose stack     at EventEmitter.emit (events.js:191:7)
14 verbose stack     at ChildProcess.<anonymous> (/usr/lib/node_modules/npm/lib/utils/spawn.js:40:14)
14 verbose stack     at emitTwo (events.js:106:13)
14 verbose stack     at ChildProcess.emit (events.js:191:7)
14 verbose stack     at maybeClose (internal/child_process.js:877:16)
14 verbose stack     at Process.ChildProcess._handle.onexit (internal/child_process.js:226:5)
15 verbose pkgid static@1.0.0
16 verbose cwd /root/botconsole/front
17 error Linux 3.10.0-123.8.1.el7.x86_64
18 error argv "/usr/local/n/versions/node/7.0.0/bin/node" "/usr/bin/npm" "run" "watch"
19 error node v7.0.0
20 error npm  v3.10.8
21 error code ELIFECYCLE
22 error static@1.0.0 watch: `npm run build -- --watch`
22 error Exit status 1
23 error Failed at the static@1.0.0 watch script 'npm run build -- --watch'.
23 error Make sure you have the latest version of node.js and npm installed.
23 error If you do, this is most likely a problem with the static package,
23 error not with npm itself.
23 error Tell the author that this fails on your system:
23 error     npm run build -- --watch
23 error You can get information on how to open an issue for this project with:
23 error     npm bugs static
23 error Or if that isn't available, you can get their info via:
23 error     npm owner ls static
23 error There is likely additional logging output above.
24 verbose exit [ 1, true ]
